生成启动时间为 2019/10/20 17:04:42。
     1>项目“D:\分享\bitekeji\班级管理\47班\1015\Project1\Project1.vcxproj”在节点 2 上(Build 个目标)。
     1>ClCompile:
         C:\Program Files (x86)\Microsoft Visual Studio 12.0\VC\bin\CL.exe /c /ZI /nologo /W3 /WX- /sdl /Od /Oy- /D _MBCS /Gm /EHsc /RTC1 /MDd /GS /fp:precise /Zc:wchar_t /Zc:forScope /Fo"Debug\\" /Fd"Debug\vc120.pdb" /Gd /TP /analyze- /errorReport:prompt main.cpp
         main.cpp
     1>d:\分享\bitekeji\班级管理\47班\1015\project1\binarytree.h(362): warning C4172: 返回局部变量或临时变量的地址
                 d:\分享\bitekeji\班级管理\47班\1015\project1\binarytree.h(325): 编译类 模板 成员函数“std::vector<T,std::allocator<_Ty>> *wf::Tree<T>::max_level_order(void)”时
                 with
                 [
                     T=int
         ,            _Ty=int
                 ]
                 d:\分享\bitekeji\班级管理\47班\1015\project1\main.cpp(29): 参见对正在编译的函数 模板 实例化“std::vector<T,std::allocator<_Ty>> *wf::Tree<T>::max_level_order(void)”的引用
                 with
                 [
                     T=int
         ,            _Ty=int
                 ]
                 d:\分享\bitekeji\班级管理\47班\1015\project1\main.cpp(14): 参见对正在编译的类 模板 实例化“wf::Tree<int>”的引用
       Link:
         C:\Program Files (x86)\Microsoft Visual Studio 12.0\VC\bin\link.exe /ERRORREPORT:PROMPT /OUT:"D:\分享\bitekeji\班级管理\47班\1015\Debug\1015.exe" /INCREMENTAL /NOLOGO kernel32.lib user32.lib gdi32.lib winspool.lib comdlg32.lib advapi32.lib shell32.lib ole32.lib oleaut32.lib uuid.lib odbc32.lib odbccp32.lib /MANIFEST /MANIFESTUAC:"level='asInvoker' uiAccess='false'" /manifest:embed /DEBUG /PDB:"D:\分享\bitekeji\班级管理\47班\1015\Debug\1015.pdb" /TLBID:1 /DYNAMICBASE /NXCOMPAT /IMPLIB:"D:\分享\bitekeji\班级管理\47班\1015\Debug\1015.lib" /MACHINE:X86 Debug\main.obj
         Project1.vcxproj -> D:\分享\bitekeji\班级管理\47班\1015\Debug\1015.exe
     1>已完成生成项目“D:\分享\bitekeji\班级管理\47班\1015\Project1\Project1.vcxproj”(Build 个目标)的操作。

生成成功。

已用时间 00:00:01.09
