生成启动时间为 2019/9/24 21:24:03。
     1>项目“D:\分享\bitekeji\班级管理\47班\0922v\0922v\0922v.vcxproj”在节点 2 上(Build 个目标)。
     1>ClCompile:
         C:\Program Files (x86)\Microsoft Visual Studio 12.0\VC\bin\CL.exe /c /ZI /nologo /W3 /WX- /sdl /Od /Oy- /D _MBCS /Gm /EHsc /RTC1 /MDd /GS /fp:precise /Zc:wchar_t /Zc:forScope /Fo"Debug\\" /Fd"Debug\vc120.pdb" /Gd /TP /analyze- /errorReport:prompt main.cpp
         main.cpp
     1>d:\分享\bitekeji\班级管理\47班\0922v\0922v\main.cpp(15): warning C4018: “<”: 有符号/无符号不匹配
     1>d:\分享\bitekeji\班级管理\47班\0922v\0922v\vector.h(209): warning C4018: “<”: 有符号/无符号不匹配
                 d:\分享\bitekeji\班级管理\47班\0922v\0922v\vector.h(205): 编译类 模板 成员函数“int *wf::vector<int>::erase(int *,int *)”时
                 d:\分享\bitekeji\班级管理\47班\0922v\0922v\main.cpp(13): 参见对正在编译的函数 模板 实例化“int *wf::vector<int>::erase(int *,int *)”的引用
                 d:\分享\bitekeji\班级管理\47班\0922v\0922v\main.cpp(8): 参见对正在编译的类 模板 实例化“wf::vector<int>”的引用
     1>d:\分享\bitekeji\班级管理\47班\0922v\0922v\vector.h(87): warning C4018: “<”: 有符号/无符号不匹配
                 d:\分享\bitekeji\班级管理\47班\0922v\0922v\vector.h(84): 编译类 模板 成员函数“void wf::vector<int>::reserve(size_t)”时
                 d:\分享\bitekeji\班级管理\47班\0922v\0922v\vector.h(44): 参见对正在编译的函数 模板 实例化“void wf::vector<int>::reserve(size_t)”的引用
     1>d:\分享\bitekeji\班级管理\47班\0922v\0922v\vector.h(94): warning C4018: “<”: 有符号/无符号不匹配
       Link:
         C:\Program Files (x86)\Microsoft Visual Studio 12.0\VC\bin\link.exe /ERRORREPORT:PROMPT /OUT:"D:\分享\bitekeji\班级管理\47班\0922v\Debug\0922v.exe" /INCREMENTAL /NOLOGO kernel32.lib user32.lib gdi32.lib winspool.lib comdlg32.lib advapi32.lib shell32.lib ole32.lib oleaut32.lib uuid.lib odbc32.lib odbccp32.lib /MANIFEST /MANIFESTUAC:"level='asInvoker' uiAccess='false'" /manifest:embed /DEBUG /PDB:"D:\分享\bitekeji\班级管理\47班\0922v\Debug\0922v.pdb" /TLBID:1 /DYNAMICBASE /NXCOMPAT /IMPLIB:"D:\分享\bitekeji\班级管理\47班\0922v\Debug\0922v.lib" /MACHINE:X86 Debug\main.obj
         0922v.vcxproj -> D:\分享\bitekeji\班级管理\47班\0922v\Debug\0922v.exe
     1>已完成生成项目“D:\分享\bitekeji\班级管理\47班\0922v\0922v\0922v.vcxproj”(Build 个目标)的操作。

生成成功。

已用时间 00:00:01.57
