生成启动时间为 2019/9/11 21:22:44。
     1>项目“D:\分享\bitekeji\班级管理\47班\0911\0911\0911.vcxproj”在节点 2 上(Build 个目标)。
     1>ClCompile:
         C:\Program Files (x86)\Microsoft Visual Studio 12.0\VC\bin\CL.exe /c /ZI /nologo /W3 /WX- /sdl /Od /Oy- /D _MBCS /Gm /EHsc /RTC1 /MDd /GS /fp:precise /Zc:wchar_t /Zc:forScope /Fo"Debug\\" /Fd"Debug\vc120.pdb" /Gd /TP /analyze- /errorReport:prompt main.cpp
         main.cpp
     1>d:\分享\bitekeji\班级管理\47班\0911\0911\main.cpp(116): error C2784: “std::basic_istream<_Elem,_Traits> &std::getline(std::basic_istream<_Elem,_Traits> &,std::basic_string<_Elem,_Traits,_Alloc> &)”: 未能从“std::string”为“std::basic_istream<_Elem,_Traits> &”推导 模板 参数
                 c:\program files (x86)\microsoft visual studio 12.0\vc\include\string(156) : 参见“std::getline”的声明
                 c:\program files (x86)\microsoft visual studio 12.0\vc\include\string(156) : 参见“std::getline”的声明
                 c:\program files (x86)\microsoft visual studio 12.0\vc\include\string(156) : 参见“std::getline”的声明
                 c:\program files (x86)\microsoft visual studio 12.0\vc\include\string(156) : 参见“std::getline”的声明
     1>d:\分享\bitekeji\班级管理\47班\0911\0911\main.cpp(116): error C2780: “std::basic_istream<_Elem,_Traits> &std::getline(std::basic_istream<_Elem,_Traits> &,std::basic_string<_Elem,_Traits,_Alloc> &,const _Elem)”: 应输入 3 个参数，却提供了 2 个
                 c:\program files (x86)\microsoft visual studio 12.0\vc\include\string(145) : 参见“std::getline”的声明
     1>d:\分享\bitekeji\班级管理\47班\0911\0911\main.cpp(116): error C2784: “std::basic_istream<_Elem,_Traits> &std::getline(std::basic_istream<_Elem,_Traits> &&,std::basic_string<_Elem,_Traits,_Alloc> &)”: 未能从“std::string”为“std::basic_istream<_Elem,_Traits> &&”推导 模板 参数
                 c:\program files (x86)\microsoft visual studio 12.0\vc\include\string(125) : 参见“std::getline”的声明
                 c:\program files (x86)\microsoft visual studio 12.0\vc\include\string(125) : 参见“std::getline”的声明
                 c:\program files (x86)\microsoft visual studio 12.0\vc\include\string(125) : 参见“std::getline”的声明
                 c:\program files (x86)\microsoft visual studio 12.0\vc\include\string(125) : 参见“std::getline”的声明
     1>d:\分享\bitekeji\班级管理\47班\0911\0911\main.cpp(116): error C2780: “std::basic_istream<_Elem,_Traits> &std::getline(std::basic_istream<_Elem,_Traits> &&,std::basic_string<_Elem,_Traits,_Alloc> &,const _Elem)”: 应输入 3 个参数，却提供了 2 个
                 c:\program files (x86)\microsoft visual studio 12.0\vc\include\string(72) : 参见“std::getline”的声明
     1>已完成生成项目“D:\分享\bitekeji\班级管理\47班\0911\0911\0911.vcxproj”(Build 个目标)的操作 - 失败。

生成失败。

已用时间 00:00:01.24
